<?xml version="1.0" encoding="UTF-8"?>
<!-- Generated by org.testng.reporters.JUnitReportReporter -->
<testsuite ignored="0" hostname="DESKTOP-2PIKAKN" failures="0" tests="2" name="com.leaftaps.testcases.OneMg_CommonTests" time="0.342" errors="1" timestamp="28 Sep 2023 09:50:37 GMT" skipped="1">
  <testcase classname="com.leaftaps.testcases.OneMg_CommonTests" name="preCondition" time="0.341">
    <error message="Cannot invoke &quot;com.aventstack.extentreports.ExtentTest.createNode(String)&quot; because the return value of &quot;java.lang.ThreadLocal.get()&quot; is null" type="java.lang.NullPointerException">
      <![CDATA[java.lang.NullPointerException: Cannot invoke "com.aventstack.extentreports.ExtentTest.createNode(String)" because the return value of "java.lang.ThreadLocal.get()" is null
	at com.framework.utils.ExtentReporter.setNode(ExtentReporter.java:71)
	at com.framework.testng.api.base.ProjectHooks.preCondition(ProjectHooks.java:24)
	at java.base/jdk.internal.reflect.NativeMethodAccessorImpl.invoke0(Native Method)
	at java.base/jdk.internal.reflect.NativeMethodAccessorImpl.invoke(NativeMethodAccessorImpl.java:64)
	at java.base/jdk.internal.reflect.DelegatingMethodAccessorImpl.invoke(DelegatingMethodAccessorImpl.java:43)
	at java.base/java.lang.reflect.Method.invoke(Method.java:564)
	at org.testng.internal.MethodInvocationHelper.invokeMethod(MethodInvocationHelper.java:104)
	at org.testng.internal.Invoker.invokeConfigurationMethod(Invoker.java:515)
	at org.testng.internal.Invoker.invokeConfigurations(Invoker.java:217)
	at org.testng.internal.Invoker.invokeMethod(Invoker.java:590)
	at org.testng.internal.Invoker.invokeTestMethod(Invoker.java:851)
	at org.testng.internal.Invoker.invokeTestMethods(Invoker.java:1177)
	at org.testng.internal.TestMethodWorker.invokeTestMethods(TestMethodWorker.java:129)
	at org.testng.internal.TestMethodWorker.run(TestMethodWorker.java:112)
	at java.base/java.util.concurrent.ThreadPoolExecutor.runWorker(ThreadPoolExecutor.java:1130)
	at java.base/java.util.concurrent.ThreadPoolExecutor$Worker.run(ThreadPoolExecutor.java:630)
	at java.base/java.lang.Thread.run(Thread.java:832)
]]>
    </error>
  </testcase> <!-- preCondition -->
  <testcase classname="com.leaftaps.testcases.OneMg_CommonTests" name="runTests" time="0.001">
    <skipped/>
  </testcase> <!-- runTests -->
</testsuite> <!-- com.leaftaps.testcases.OneMg_CommonTests -->
