<?xml version="1.0" encoding="UTF-8"?>
<!-- Generated by org.testng.reporters.JUnitReportReporter -->
<testsuite ignored="6" hostname="DESKTOP-2PIKAKN" failures="0" tests="1" name="com.leaftaps.testcases.OneMg_VANCOMYCIN1GM" time="199.522" errors="0" timestamp="29 Sep 2023 09:46:46 GMT" skipped="0">
  <testcase classname="com.leaftaps.testcases.OneMg_VANCOMYCIN1GM" name="runTests" time="199.522"/>
  <testcase classname="com.framework.utils.ExtentReporter" name="endResult">
    <skipped/>
  </testcase> <!-- endResult -->
  <testcase classname="com.framework.utils.ExtentReporter" name="endResult">
    <skipped/>
  </testcase> <!-- endResult -->
  <testcase classname="com.framework.utils.ExtentReporter" name="endResult">
    <skipped/>
  </testcase> <!-- endResult -->
  <testcase classname="com.framework.utils.ExtentReporter" name="startReport">
    <skipped/>
  </testcase> <!-- startReport -->
  <testcase classname="com.framework.utils.ExtentReporter" name="startReport">
    <skipped/>
  </testcase> <!-- startReport -->
  <testcase classname="com.framework.utils.ExtentReporter" name="startReport">
    <skipped/>
  </testcase> <!-- startReport -->
</testsuite> <!-- com.leaftaps.testcases.OneMg_VANCOMYCIN1GM -->
