<?xml version="1.0" encoding="UTF-8"?>
<!-- Generated by org.testng.reporters.JUnitReportReporter -->
<testsuite ignored="0" hostname="DESKTOP-2PIKAKN" failures="0" tests="1" name="com.leaftaps.testcases.Netmeds_MEROPENEM1GM" time="699.110" errors="0" timestamp="29 Sep 2023 10:15:23 GMT" skipped="0">
  <testcase classname="com.leaftaps.testcases.Netmeds_MEROPENEM1GM" name="runTests" time="699.110"/>
</testsuite> <!-- com.leaftaps.testcases.Netmeds_MEROPENEM1GM -->
