<?xml version="1.0" encoding="UTF-8"?>
<!-- Generated by org.testng.reporters.JUnitReportReporter -->
<testsuite ignored="10" hostname="DESKTOP-2PIKAKN" failures="0" tests="1" name="com.leaftaps.testcases.OneMg_TEICOPLANIN400MG" time="1673.547" errors="0" timestamp="28 Sep 2023 13:31:10 GMT" skipped="0">
  <testcase classname="com.leaftaps.testcases.OneMg_TEICOPLANIN400MG" name="runTests" time="1673.547"/>
  <testcase classname="com.framework.utils.ExtentReporter" name="endResult">
    <skipped/>
  </testcase> <!-- endResult -->
  <testcase classname="com.framework.utils.ExtentReporter" name="endResult">
    <skipped/>
  </testcase> <!-- endResult -->
  <testcase classname="com.framework.utils.ExtentReporter" name="endResult">
    <skipped/>
  </testcase> <!-- endResult -->
  <testcase classname="com.framework.utils.ExtentReporter" name="endResult">
    <skipped/>
  </testcase> <!-- endResult -->
  <testcase classname="com.framework.utils.ExtentReporter" name="endResult">
    <skipped/>
  </testcase> <!-- endResult -->
  <testcase classname="com.framework.utils.ExtentReporter" name="startReport">
    <skipped/>
  </testcase> <!-- startReport -->
  <testcase classname="com.framework.utils.ExtentReporter" name="startReport">
    <skipped/>
  </testcase> <!-- startReport -->
  <testcase classname="com.framework.utils.ExtentReporter" name="startReport">
    <skipped/>
  </testcase> <!-- startReport -->
  <testcase classname="com.framework.utils.ExtentReporter" name="startReport">
    <skipped/>
  </testcase> <!-- startReport -->
  <testcase classname="com.framework.utils.ExtentReporter" name="startReport">
    <skipped/>
  </testcase> <!-- startReport -->
</testsuite> <!-- com.leaftaps.testcases.OneMg_TEICOPLANIN400MG -->
